host: d419
Building DAG of jobs...
Using shell: /usr/bin/bash
Provided cores: 25
Rules claiming more threads will be scaled down.
Job stats:
job          count
---------  -------
all              1
stringTie        6
total            7

Select jobs to execute...
Execute 6 jobs...

[Tue Mar 18 16:14:13 2025]
localrule stringTie:
    input: ../output/2pass/SRR17762751/mouse/SRR17762751Aligned.sortedByCoord.out.bam
    output: ../output/2pass/SRR17762751/mouse/SRR17762751.gtf
    log: ../output/log/mouse/SRR17762751/stringTie.log
    jobid: 7
    reason: Missing output files: ../output/2pass/SRR17762751/mouse/SRR17762751.gtf
    wildcards: sample_id=SRR17762751, genome=mouse
    resources: tmpdir=/tmp

Activating conda environment: ../../../../home/luosg/miniconda3/envs/RNA-SNP

[Tue Mar 18 16:14:14 2025]
localrule stringTie:
    input: ../output/2pass/SRR17762744/mouse/SRR17762744Aligned.sortedByCoord.out.bam
    output: ../output/2pass/SRR17762744/mouse/SRR17762744.gtf
    log: ../output/log/mouse/SRR17762744/stringTie.log
    jobid: 10
    reason: Missing output files: ../output/2pass/SRR17762744/mouse/SRR17762744.gtf
    wildcards: sample_id=SRR17762744, genome=mouse
    resources: tmpdir=/tmp

Activating conda environment: ../../../../home/luosg/miniconda3/envs/RNA-SNP

[Tue Mar 18 16:14:14 2025]
localrule stringTie:
    input: ../output/2pass/SRR17762739/mouse/SRR17762739Aligned.sortedByCoord.out.bam
    output: ../output/2pass/SRR17762739/mouse/SRR17762739.gtf
    log: ../output/log/mouse/SRR17762739/stringTie.log
    jobid: 16
    reason: Missing output files: ../output/2pass/SRR17762739/mouse/SRR17762739.gtf
    wildcards: sample_id=SRR17762739, genome=mouse
    resources: tmpdir=/tmp

Activating conda environment: ../../../../home/luosg/miniconda3/envs/RNA-SNP

[Tue Mar 18 16:14:14 2025]
localrule stringTie:
    input: ../output/2pass/SRR17762742/mouse/SRR17762742Aligned.sortedByCoord.out.bam
    output: ../output/2pass/SRR17762742/mouse/SRR17762742.gtf
    log: ../output/log/mouse/SRR17762742/stringTie.log
    jobid: 13
    reason: Missing output files: ../output/2pass/SRR17762742/mouse/SRR17762742.gtf
    wildcards: sample_id=SRR17762742, genome=mouse
    resources: tmpdir=/tmp

Activating conda environment: ../../../../home/luosg/miniconda3/envs/RNA-SNP

[Tue Mar 18 16:14:14 2025]
localrule stringTie:
    input: ../output/2pass/SRR17762748/mouse/SRR17762748Aligned.sortedByCoord.out.bam
    output: ../output/2pass/SRR17762748/mouse/SRR17762748.gtf
    log: ../output/log/mouse/SRR17762748/stringTie.log
    jobid: 4
    reason: Missing output files: ../output/2pass/SRR17762748/mouse/SRR17762748.gtf
    wildcards: sample_id=SRR17762748, genome=mouse
    resources: tmpdir=/tmp

Activating conda environment: ../../../../home/luosg/miniconda3/envs/RNA-SNP

[Tue Mar 18 16:14:14 2025]
localrule stringTie:
    input: ../output/2pass/SRR17762738/mouse/SRR17762738Aligned.sortedByCoord.out.bam
    output: ../output/2pass/SRR17762738/mouse/SRR17762738.gtf
    log: ../output/log/mouse/SRR17762738/stringTie.log
    jobid: 1
    reason: Missing output files: ../output/2pass/SRR17762738/mouse/SRR17762738.gtf
    wildcards: sample_id=SRR17762738, genome=mouse
    resources: tmpdir=/tmp

Activating conda environment: ../../../../home/luosg/miniconda3/envs/RNA-SNP
[Tue Mar 18 16:17:04 2025]
Finished job 10.
1 of 7 steps (14%) done
[Tue Mar 18 16:17:10 2025]
Finished job 4.
2 of 7 steps (29%) done
[Tue Mar 18 16:17:38 2025]
Finished job 7.
3 of 7 steps (43%) done
[Tue Mar 18 16:17:40 2025]
Finished job 1.
4 of 7 steps (57%) done
[Tue Mar 18 16:17:42 2025]
Finished job 16.
5 of 7 steps (71%) done
[Tue Mar 18 16:17:45 2025]
Finished job 13.
6 of 7 steps (86%) done
Select jobs to execute...
Execute 1 jobs...

[Tue Mar 18 16:17:45 2025]
localrule all:
    input: ../output/2pass/SRR17762738/mouse/SRR17762738.gtf, ../output/2pass/SRR17762748/mouse/SRR17762748.gtf, ../output/2pass/SRR17762751/mouse/SRR17762751.gtf, ../output/2pass/SRR17762744/mouse/SRR17762744.gtf, ../output/2pass/SRR17762742/mouse/SRR17762742.gtf, ../output/2pass/SRR17762739/mouse/SRR17762739.gtf
    jobid: 0
    reason: Input files updated by another job: ../output/2pass/SRR17762742/mouse/SRR17762742.gtf, ../output/2pass/SRR17762739/mouse/SRR17762739.gtf, ../output/2pass/SRR17762738/mouse/SRR17762738.gtf, ../output/2pass/SRR17762751/mouse/SRR17762751.gtf, ../output/2pass/SRR17762744/mouse/SRR17762744.gtf, ../output/2pass/SRR17762748/mouse/SRR17762748.gtf
    resources: tmpdir=/tmp

[Tue Mar 18 16:17:45 2025]
Finished job 0.
7 of 7 steps (100%) done
Complete log: .snakemake/log/2025-03-18T161413.926410.snakemake.log
