host: d419
Building DAG of jobs...
Using shell: /usr/bin/bash
Provided cores: 25
Rules claiming more threads will be scaled down.
Job stats:
job        count
-------  -------
TElocal        6
all            1
total          7

Select jobs to execute...
Execute 6 jobs...

[Tue Mar 18 00:46:04 2025]
localrule TElocal:
    input: ../output/counts/SRR17762742/mouse/SRR17762742Aligned.sortedByCoord.out.bam
    output: ../output/counts/SRR17762742/mouse/SRR17762742TElocal.cntTable
    log: ../output/log/mouse/SRR17762742/TElocal.log
    jobid: 13
    reason: Missing output files: ../output/counts/SRR17762742/mouse/SRR17762742TElocal.cntTable
    wildcards: sample_id=SRR17762742, genome=mouse
    resources: tmpdir=/tmp

Activating conda environment: ../../../../home/luosg/miniconda3/envs/TElocal

[Tue Mar 18 00:46:04 2025]
localrule TElocal:
    input: ../output/counts/SRR17762748/mouse/SRR17762748Aligned.sortedByCoord.out.bam
    output: ../output/counts/SRR17762748/mouse/SRR17762748TElocal.cntTable
    log: ../output/log/mouse/SRR17762748/TElocal.log
    jobid: 4
    reason: Missing output files: ../output/counts/SRR17762748/mouse/SRR17762748TElocal.cntTable
    wildcards: sample_id=SRR17762748, genome=mouse
    resources: tmpdir=/tmp

Activating conda environment: ../../../../home/luosg/miniconda3/envs/TElocal

[Tue Mar 18 00:46:04 2025]
localrule TElocal:
    input: ../output/counts/SRR17762739/mouse/SRR17762739Aligned.sortedByCoord.out.bam
    output: ../output/counts/SRR17762739/mouse/SRR17762739TElocal.cntTable
    log: ../output/log/mouse/SRR17762739/TElocal.log
    jobid: 16
    reason: Missing output files: ../output/counts/SRR17762739/mouse/SRR17762739TElocal.cntTable
    wildcards: sample_id=SRR17762739, genome=mouse
    resources: tmpdir=/tmp

Activating conda environment: ../../../../home/luosg/miniconda3/envs/TElocal

[Tue Mar 18 00:46:04 2025]
localrule TElocal:
    input: ../output/counts/SRR17762751/mouse/SRR17762751Aligned.sortedByCoord.out.bam
    output: ../output/counts/SRR17762751/mouse/SRR17762751TElocal.cntTable
    log: ../output/log/mouse/SRR17762751/TElocal.log
    jobid: 7
    reason: Missing output files: ../output/counts/SRR17762751/mouse/SRR17762751TElocal.cntTable
    wildcards: sample_id=SRR17762751, genome=mouse
    resources: tmpdir=/tmp

Activating conda environment: ../../../../home/luosg/miniconda3/envs/TElocal

[Tue Mar 18 00:46:04 2025]
localrule TElocal:
    input: ../output/counts/SRR17762738/mouse/SRR17762738Aligned.sortedByCoord.out.bam
    output: ../output/counts/SRR17762738/mouse/SRR17762738TElocal.cntTable
    log: ../output/log/mouse/SRR17762738/TElocal.log
    jobid: 1
    reason: Missing output files: ../output/counts/SRR17762738/mouse/SRR17762738TElocal.cntTable
    wildcards: sample_id=SRR17762738, genome=mouse
    resources: tmpdir=/tmp

Activating conda environment: ../../../../home/luosg/miniconda3/envs/TElocal

[Tue Mar 18 00:46:04 2025]
localrule TElocal:
    input: ../output/counts/SRR17762744/mouse/SRR17762744Aligned.sortedByCoord.out.bam
    output: ../output/counts/SRR17762744/mouse/SRR17762744TElocal.cntTable
    log: ../output/log/mouse/SRR17762744/TElocal.log
    jobid: 10
    reason: Missing output files: ../output/counts/SRR17762744/mouse/SRR17762744TElocal.cntTable
    wildcards: sample_id=SRR17762744, genome=mouse
    resources: tmpdir=/tmp

Activating conda environment: ../../../../home/luosg/miniconda3/envs/TElocal
[Tue Mar 18 02:05:40 2025]
Finished job 10.
1 of 7 steps (14%) done
[Tue Mar 18 02:11:44 2025]
Finished job 4.
2 of 7 steps (29%) done
[Tue Mar 18 02:12:33 2025]
Finished job 16.
3 of 7 steps (43%) done
[Tue Mar 18 02:21:40 2025]
Finished job 13.
4 of 7 steps (57%) done
[Tue Mar 18 02:23:46 2025]
Finished job 1.
5 of 7 steps (71%) done
[Tue Mar 18 02:25:33 2025]
Finished job 7.
6 of 7 steps (86%) done
Select jobs to execute...
Execute 1 jobs...

[Tue Mar 18 02:25:33 2025]
localrule all:
    input: ../output/counts/SRR17762738/mouse/SRR17762738TElocal.cntTable, ../output/counts/SRR17762748/mouse/SRR17762748TElocal.cntTable, ../output/counts/SRR17762751/mouse/SRR17762751TElocal.cntTable, ../output/counts/SRR17762744/mouse/SRR17762744TElocal.cntTable, ../output/counts/SRR17762742/mouse/SRR17762742TElocal.cntTable, ../output/counts/SRR17762739/mouse/SRR17762739TElocal.cntTable
    jobid: 0
    reason: Input files updated by another job: ../output/counts/SRR17762744/mouse/SRR17762744TElocal.cntTable, ../output/counts/SRR17762742/mouse/SRR17762742TElocal.cntTable, ../output/counts/SRR17762748/mouse/SRR17762748TElocal.cntTable, ../output/counts/SRR17762738/mouse/SRR17762738TElocal.cntTable, ../output/counts/SRR17762739/mouse/SRR17762739TElocal.cntTable, ../output/counts/SRR17762751/mouse/SRR17762751TElocal.cntTable
    resources: tmpdir=/tmp

[Tue Mar 18 02:25:33 2025]
Finished job 0.
7 of 7 steps (100%) done
Complete log: .snakemake/log/2025-03-18T004603.812994.snakemake.log
